{
  "RSpec": {
    "coverage": {
      "/Users/ianlyell/turing_work/3mod/projects/wutz_be/app/services/j_api_service.rb": {
        "lines": [
          1,
          null,
          1,
          1,
          1,
          null,
          null,
          1,
          1,
          null,
          null,
          1,
          1,
          null,
          1,
          null,
          null,
          1,
          1,
          null,
          null
        ]
      }
    },
    "timestamp": 1694630395
  }
}
